<?xml version="1.0" encoding="UTF-8"?>
<!-- Generated by org.testng.reporters.JUnitReportReporter -->
<testsuite name="com.testscripts.GmailLoginScript" tests="1" time="35.271" ignored="0" failures="0" timestamp="30 Jan 2017 13:50:46 GMT" skipped="0" hostname="CBT-CAB3-03" errors="0">
  <testcase name="login" time="35.271" classname="com.testscripts.GmailLoginScript"/>
</testsuite> <!-- com.testscripts.GmailLoginScript -->
